<component name="libraryTable">
  <library name="junit-4.11">
    <CLASSES>
      <root url="jar://C:/Program Files/Java/jdk1.8.0_20/lib/junit-4.11.jar!/" />
      <root url="jar://C:/Program Files/Java/jdk1.8.0_20/lib/hamcrest-all-1.3.jar!/" />
    </CLASSES>
    <JAVADOC />
    <SOURCES />
  </library>
</component>